<?xml version="1.0" encoding="UTF-8"?>
<!-- Generated by org.testng.reporters.JUnitReportReporter -->
<testsuite skipped="0" hostname="CNjytu.local" name="cases.BrowserTest3" tests="2" failures="0" timestamp="2020-05-12T14:48:57 CST" time="5.753" errors="0">
  <testcase name="browser" time="0.379" classname="cases.BrowserTest3"/>
  <system-out/>
  <testcase name="arowser2" time="5.374" classname="cases.BrowserTest3"/>
  <system-out/>
</testsuite> <!-- cases.BrowserTest3 -->
