<?xml version="1.0" encoding="UTF-8"?>
<!-- Generated by org.testng.reporters.JUnitReportReporter -->
<testsuite skipped="0" hostname="CNjytu.local" name="cases.BrowserTest3" tests="2" failures="0" timestamp="2020-05-28T15:23:55 CST" time="5.627" errors="0">
  <testcase name="browser" time="0.321" classname="cases.BrowserTest3"/>
  <system-out/>
  <testcase name="arowser2" time="5.306" classname="cases.BrowserTest3"/>
  <system-out/>
</testsuite> <!-- cases.BrowserTest3 -->
